[2019-12-02 14:47:49,508] multiqc                                            [DEBUG  ]  No MultiQC config found: /GWSPH/home/tyden46/.local/lib/python3.7/site-packages/multiqc_config.yaml
[2019-12-02 14:47:49,509] multiqc                                            [DEBUG  ]  No MultiQC config found: /GWSPH/home/tyden46/.multiqc_config.yaml
[2019-12-02 14:47:49,509] multiqc                                            [DEBUG  ]  No MultiQC config found: multiqc_config.yaml
[2019-12-02 14:47:49,509] multiqc                                            [DEBUG  ]  Command used: /GWSPH/home/tyden46/.local/bin/multiqc .
[2019-12-02 14:47:50,608] multiqc                                            [WARNING]  MultiQC Version v1.8 now available!
[2019-12-02 14:47:50,609] multiqc                                            [INFO   ]  This is MultiQC v1.7
[2019-12-02 14:47:50,609] multiqc                                            [DEBUG  ]  Command     : /GWSPH/home/tyden46/.local/bin/multiqc .
[2019-12-02 14:47:50,609] multiqc                                            [DEBUG  ]  Working dir : /GWSPH/home/tyden46/Vikas/fastQFiles/forward
[2019-12-02 14:47:50,609] multiqc                                            [INFO   ]  Template    : default
[2019-12-02 14:47:50,609] multiqc                                            [INFO   ]  Searching '.'
[2019-12-02 14:47:50,610] multiqc                                            [DEBUG  ]  Analysing modules: custom_content, conpair, peddy, methylQA, phantompeakqualtools, qualimap, preseq, quast, qorts, rna_seqc, rsem, rseqc, busco, goleft_indexcov, disambiguate, supernova, deeptools, sargasso, verifybamid, mirtrace, happy, homer, macs2, theta2, snpeff, gatk, htseq, bcftools, featureCounts, dedup, damageprofiler, picard, prokka, samblaster, samtools, bamtools, jellyfish, vcftools, longranger, stacks, bbmap, bismark, biscuit, hicexplorer, hicup, hicpro, salmon, kallisto, slamdunk, star, hisat2, tophat, bowtie2, bowtie1, kat, leehom, adapterRemoval, clipandmerge, cutadapt, flexbar, trimmomatic, skewer, sortmerna, biobloomtools, fastq_screen, afterqc, fastp, fastqc, minionqc, clusterflow, bcl2fastq, interop, flash
[2019-12-02 14:47:50,610] multiqc                                            [DEBUG  ]  Using temporary directory for creating report: /tmp/tmpq49zkcvf
[2019-12-02 14:47:50,748] multiqc                                            [DEBUG  ]  Ignoring file as matched an ignore pattern: Plasma48hrTMZ2_ForwardPaired_Lane3_fastqc.html
[2019-12-02 14:47:50,759] multiqc                                            [DEBUG  ]  Ignoring file as matched an ignore pattern: Plasma1hr2_ForwardPaired_Lane4.fastq
[2019-12-02 14:47:50,760] multiqc                                            [DEBUG  ]  Ignoring file as matched an ignore pattern: Plasma1hr2_ForwardPaired_Lane2_fastqc.html
[2019-12-02 14:47:50,760] multiqc                                            [DEBUG  ]  Ignoring file as matched an ignore pattern: Plasma1hr2_ForwardPaired_Lane4_fastqc.html
[2019-12-02 14:47:50,760] multiqc                                            [DEBUG  ]  Ignoring file as matched an ignore pattern: Plasma48hrTMZ2_ForwardPaired_Lane2_fastqc.html
[2019-12-02 14:47:50,761] multiqc                                            [DEBUG  ]  Ignoring file as matched an ignore pattern: Control2_ForwardPaired_Lane1_fastqc.html
[2019-12-02 14:47:50,761] multiqc                                            [DEBUG  ]  Ignoring file as matched an ignore pattern: Plasma48hrTMZ2_ForwardPaired_Lane4.fastq
[2019-12-02 14:47:50,761] multiqc                                            [DEBUG  ]  Ignoring file as matched an ignore pattern: Control2_ForwardPaired_Lane2.fastq
[2019-12-02 14:47:50,761] multiqc                                            [DEBUG  ]  Ignoring file as matched an ignore pattern: Plasma48hrTMZ2_ForwardPaired_Lane1.fastq
[2019-12-02 14:47:50,761] multiqc                                            [DEBUG  ]  Ignoring file as matched an ignore pattern: Plasma1hr2_ForwardPaired_Lane3.fastq
[2019-12-02 14:47:50,761] multiqc                                            [DEBUG  ]  Ignoring file as matched an ignore pattern: Plasma48hrTMZ2_ForwardPaired_Lane1_fastqc.html
[2019-12-02 14:47:50,762] multiqc                                            [DEBUG  ]  Ignoring file as matched an ignore pattern: Plasma24hr1_ForwardPaired_Lane2_fastqc.html
[2019-12-02 14:47:50,762] multiqc                                            [DEBUG  ]  Ignoring file as matched an ignore pattern: Plasma24hr1_ForwardPaired_Lane2.fastq
[2019-12-02 14:47:50,763] multiqc                                            [DEBUG  ]  Ignoring file as matched an ignore pattern: Plasma1hr2_ForwardPaired_Lane3_fastqc.html
[2019-12-02 14:47:50,763] multiqc                                            [DEBUG  ]  Ignoring file as matched an ignore pattern: Control2_ForwardPaired_Lane4_fastqc.html
[2019-12-02 14:47:50,764] multiqc                                            [DEBUG  ]  Ignoring file as matched an ignore pattern: Plasma1hr2_ForwardPaired_Lane1.fastq
[2019-12-02 14:47:50,764] multiqc                                            [DEBUG  ]  Ignoring file as matched an ignore pattern: Plasma24hr1_ForwardPaired_Lane3.fastq
[2019-12-02 14:47:50,764] multiqc                                            [DEBUG  ]  Ignoring file as matched an ignore pattern: Control2_ForwardPaired_Lane3_fastqc.html
[2019-12-02 14:47:50,764] multiqc                                            [DEBUG  ]  Ignoring file as matched an ignore pattern: Plasma48hrTMZ2_ForwardPaired_Lane4_fastqc.html
[2019-12-02 14:47:50,764] multiqc                                            [DEBUG  ]  Ignoring file as matched an ignore pattern: Control2_ForwardPaired_Lane3.fastq
[2019-12-02 14:47:50,765] multiqc                                            [DEBUG  ]  Ignoring file as matched an ignore pattern: Plasma24hr1_ForwardPaired_Lane1.fastq
[2019-12-02 14:47:50,765] multiqc                                            [DEBUG  ]  Ignoring file as matched an ignore pattern: Plasma48hrTMZ2_ForwardPaired_Lane2.fastq
[2019-12-02 14:47:50,765] multiqc                                            [DEBUG  ]  Ignoring file as matched an ignore pattern: Control2_ForwardPaired_Lane4.fastq
[2019-12-02 14:47:50,766] multiqc                                            [DEBUG  ]  Ignoring file as matched an ignore pattern: Plasma24hr1_ForwardPaired_Lane3_fastqc.html
[2019-12-02 14:47:50,766] multiqc                                            [DEBUG  ]  Ignoring file as matched an ignore pattern: Plasma48hrTMZ2_ForwardPaired_Lane3.fastq
[2019-12-02 14:47:50,766] multiqc                                            [DEBUG  ]  Ignoring file as matched an ignore pattern: Plasma24hr1_ForwardPaired_Lane4_fastqc.html
[2019-12-02 14:47:50,766] multiqc                                            [DEBUG  ]  Ignoring file as matched an ignore pattern: Control2_ForwardPaired_Lane2_fastqc.html
[2019-12-02 14:47:50,767] multiqc                                            [DEBUG  ]  Ignoring file as matched an ignore pattern: Control2_ForwardPaired_Lane1.fastq
[2019-12-02 14:47:50,767] multiqc                                            [DEBUG  ]  Ignoring file as matched an ignore pattern: Plasma24hr1_ForwardPaired_Lane1_fastqc.html
[2019-12-02 14:47:50,768] multiqc                                            [DEBUG  ]  Ignoring file as matched an ignore pattern: Plasma1hr2_ForwardPaired_Lane1_fastqc.html
[2019-12-02 14:47:50,768] multiqc                                            [DEBUG  ]  Ignoring file as matched an ignore pattern: Plasma1hr2_ForwardPaired_Lane2.fastq
[2019-12-02 14:47:50,768] multiqc                                            [DEBUG  ]  Ignoring file as matched an ignore pattern: Plasma24hr1_ForwardPaired_Lane4.fastq
[2019-12-02 14:47:51,906] multiqc                                            [DEBUG  ]  No samples found: custom_content
[2019-12-02 14:47:51,913] multiqc                                            [DEBUG  ]  No samples found: conpair
[2019-12-02 14:47:51,919] multiqc                                            [DEBUG  ]  No samples found: peddy
[2019-12-02 14:47:51,924] multiqc                                            [DEBUG  ]  No samples found: methylQA
[2019-12-02 14:47:51,929] multiqc                                            [DEBUG  ]  No samples found: phantompeakqualtools
[2019-12-02 14:47:51,958] multiqc                                            [DEBUG  ]  No samples found: qualimap
[2019-12-02 14:47:51,967] multiqc                                            [DEBUG  ]  No samples found: preseq
[2019-12-02 14:47:51,974] multiqc                                            [DEBUG  ]  No samples found: quast
[2019-12-02 14:47:51,980] multiqc                                            [DEBUG  ]  No samples found: qorts
[2019-12-02 14:47:51,986] multiqc                                            [DEBUG  ]  No samples found: rna_seqc
[2019-12-02 14:47:51,990] multiqc                                            [DEBUG  ]  No samples found: rsem
[2019-12-02 14:47:52,004] multiqc                                            [DEBUG  ]  No samples found: rseqc
[2019-12-02 14:47:52,011] multiqc                                            [DEBUG  ]  No samples found: busco
[2019-12-02 14:47:52,016] multiqc                                            [DEBUG  ]  No samples found: goleft_indexcov
[2019-12-02 14:47:52,021] multiqc                                            [DEBUG  ]  No samples found: disambiguate
[2019-12-02 14:47:52,026] multiqc                                            [DEBUG  ]  No samples found: supernova
[2019-12-02 14:47:52,037] multiqc                                            [DEBUG  ]  No samples found: deeptools
[2019-12-02 14:47:52,042] multiqc                                            [DEBUG  ]  No samples found: sargasso
[2019-12-02 14:47:52,046] multiqc                                            [DEBUG  ]  No samples found: verifybamid
[2019-12-02 14:47:52,051] multiqc                                            [DEBUG  ]  No samples found: mirtrace
[2019-12-02 14:47:52,057] multiqc                                            [DEBUG  ]  No samples found: happy
[2019-12-02 14:47:52,065] multiqc                                            [DEBUG  ]  No samples found: homer
[2019-12-02 14:47:52,072] multiqc                                            [DEBUG  ]  No samples found: macs2
[2019-12-02 14:47:52,077] multiqc                                            [DEBUG  ]  No samples found: theta2
[2019-12-02 14:47:52,109] multiqc                                            [DEBUG  ]  No samples found: snpeff
[2019-12-02 14:47:52,117] multiqc                                            [DEBUG  ]  No samples found: gatk
[2019-12-02 14:47:52,122] multiqc                                            [DEBUG  ]  No samples found: htseq
[2019-12-02 14:47:52,128] multiqc                                            [DEBUG  ]  No samples found: bcftools
[2019-12-02 14:47:52,135] multiqc                                            [DEBUG  ]  No samples found: featureCounts
[2019-12-02 14:47:52,142] multiqc                                            [DEBUG  ]  No samples found: dedup
[2019-12-02 14:47:52,146] multiqc                                            [DEBUG  ]  No samples found: damageprofiler
[2019-12-02 14:47:52,164] multiqc                                            [DEBUG  ]  No samples found: picard
[2019-12-02 14:47:52,172] multiqc                                            [DEBUG  ]  No samples found: prokka
[2019-12-02 14:47:52,178] multiqc                                            [DEBUG  ]  No samples found: samblaster
[2019-12-02 14:47:52,187] multiqc                                            [DEBUG  ]  No samples found: samtools
[2019-12-02 14:47:52,193] multiqc                                            [DEBUG  ]  No samples found: bamtools
[2019-12-02 14:47:52,197] multiqc                                            [DEBUG  ]  No samples found: jellyfish
[2019-12-02 14:47:52,204] multiqc                                            [DEBUG  ]  No samples found: vcftools
[2019-12-02 14:47:52,209] multiqc                                            [DEBUG  ]  No samples found: longranger
[2019-12-02 14:47:52,213] multiqc                                            [DEBUG  ]  No samples found: stacks
[2019-12-02 14:47:52,225] multiqc                                            [DEBUG  ]  No samples found: bbmap
[2019-12-02 14:47:52,230] multiqc                                            [DEBUG  ]  No samples found: bismark
[2019-12-02 14:47:52,238] multiqc                                            [DEBUG  ]  No samples found: biscuit
[2019-12-02 14:47:52,244] multiqc                                            [DEBUG  ]  No samples found: hicexplorer
[2019-12-02 14:47:52,250] multiqc                                            [DEBUG  ]  No samples found: hicup
[2019-12-02 14:47:52,257] multiqc                                            [DEBUG  ]  No samples found: hicpro
[2019-12-02 14:47:52,263] multiqc                                            [DEBUG  ]  No samples found: salmon
[2019-12-02 14:47:52,268] multiqc                                            [DEBUG  ]  No samples found: kallisto
[2019-12-02 14:47:52,273] multiqc                                            [DEBUG  ]  No samples found: slamdunk
[2019-12-02 14:47:52,277] multiqc                                            [DEBUG  ]  No samples found: star
[2019-12-02 14:47:52,281] multiqc                                            [DEBUG  ]  No samples found: hisat2
[2019-12-02 14:47:52,286] multiqc                                            [DEBUG  ]  No samples found: tophat
[2019-12-02 14:47:52,290] multiqc                                            [DEBUG  ]  No samples found: bowtie2
[2019-12-02 14:47:52,297] multiqc                                            [DEBUG  ]  No samples found: bowtie1
[2019-12-02 14:47:52,303] multiqc                                            [DEBUG  ]  No samples found: kat
[2019-12-02 14:47:52,308] multiqc                                            [DEBUG  ]  No samples found: leehom
[2019-12-02 14:47:52,313] multiqc                                            [DEBUG  ]  No samples found: adapterRemoval
[2019-12-02 14:47:52,317] multiqc                                            [DEBUG  ]  No samples found: clipandmerge
[2019-12-02 14:47:52,322] multiqc                                            [DEBUG  ]  No samples found: cutadapt
[2019-12-02 14:47:52,328] multiqc                                            [DEBUG  ]  No samples found: flexbar
[2019-12-02 14:47:52,334] multiqc                                            [DEBUG  ]  No samples found: trimmomatic
[2019-12-02 14:47:52,339] multiqc                                            [DEBUG  ]  No samples found: skewer
[2019-12-02 14:47:52,346] multiqc                                            [DEBUG  ]  No samples found: sortmerna
[2019-12-02 14:47:52,352] multiqc                                            [DEBUG  ]  No samples found: biobloomtools
[2019-12-02 14:47:52,357] multiqc                                            [DEBUG  ]  No samples found: fastq_screen
[2019-12-02 14:47:52,361] multiqc                                            [DEBUG  ]  No samples found: afterqc
[2019-12-02 14:47:52,366] multiqc                                            [DEBUG  ]  No samples found: fastp
[2019-12-02 14:47:52,577] multiqc.modules.fastqc.fastqc                      [INFO   ]  Found 16 reports
[2019-12-02 14:47:52,717] multiqc                                            [DEBUG  ]  No samples found: minionqc
[2019-12-02 14:47:52,723] multiqc                                            [DEBUG  ]  No samples found: clusterflow
[2019-12-02 14:47:52,730] multiqc                                            [DEBUG  ]  No samples found: bcl2fastq
[2019-12-02 14:47:52,736] multiqc                                            [DEBUG  ]  No samples found: interop
[2019-12-02 14:47:52,741] multiqc                                            [DEBUG  ]  No samples found: flash
[2019-12-02 14:47:52,755] multiqc                                            [INFO   ]  Compressing plot data
[2019-12-02 14:47:52,932] multiqc                                            [INFO   ]  Report      : multiqc_report.html
[2019-12-02 14:47:52,932] multiqc                                            [INFO   ]  Data        : multiqc_data
[2019-12-02 14:47:52,933] multiqc                                            [DEBUG  ]  Moving data file from '/tmp/tmpq49zkcvf/multiqc_data/multiqc_fastqc.txt' to '/GWSPH/home/tyden46/Vikas/fastQFiles/forward/multiqc_data'
[2019-12-02 14:47:52,938] multiqc                                            [DEBUG  ]  Moving data file from '/tmp/tmpq49zkcvf/multiqc_data/multiqc_general_stats.txt' to '/GWSPH/home/tyden46/Vikas/fastQFiles/forward/multiqc_data'
[2019-12-02 14:47:52,942] multiqc                                            [DEBUG  ]  Moving data file from '/tmp/tmpq49zkcvf/multiqc_data/multiqc_sources.txt' to '/GWSPH/home/tyden46/Vikas/fastQFiles/forward/multiqc_data'
[2019-12-02 14:47:52,946] multiqc                                            [DEBUG  ]  Moving data file from '/tmp/tmpq49zkcvf/multiqc_data/multiqc_data.json' to '/GWSPH/home/tyden46/Vikas/fastQFiles/forward/multiqc_data'
[2019-12-02 14:47:53,155] multiqc                                            [INFO   ]  MultiQC complete
